<?xml version="1.0" encoding="UTF-8"?>
<!-- Generated by org.testng.reporters.JUnitXMLReporter -->
<testsuite ignored="0" hostname="WBOX62" failures="0" tests="5" name="Test" time="55.559" errors="0" timestamp="31 Jan 2024 07:27:35 GMT">
  <testcase classname="SSIAgroworlds.DocumentExecutivePage" name="DocExecutivelogin" time="5.045"/>
  <testcase classname="SSIAgroworlds.DocumentExecutivePage" name="generateContract" time="6.133"/>
  <testcase classname="SSIAgroworlds.DocumentExecutivePage" name="defineStageApprove" time="14.355"/>
  <testcase classname="SSIAgroworlds.DocumentExecutivePage" name="tCdOCUMNET" time="8.733"/>
  <testcase classname="SSIAgroworlds.DocumentExecutivePage" name="contractRegistration" time="15.207"/>
</testsuite> <!-- Test -->
