<?xml version="1.0" encoding="UTF-8"?>
<!-- Generated by org.testng.reporters.JUnitXMLReporter -->
<testsuite ignored="1" hostname="WBOX62" failures="0" tests="3" name="Test" time="36.268" errors="0" timestamp="25 Jan 2024 12:34:18 GMT">
  <testcase classname="SSIAgroworlds.DocumentIRMPage" name="DocIRMlogin" time="5.673"/>
  <testcase classname="SSIAgroworlds.DocumentIRMPage" name="createContract" time="9.785"/>
  <testcase classname="SSIAgroworlds.DocumentIRMPage" name="generateContract" time="17.198"/>
  <testcase classname="SSIAgroworlds.DocumentIRMPage" name="approvalAccept" time="0.0">
    <ignored/>
  </testcase> <!-- approvalAccept -->
</testsuite> <!-- Test -->
