<?xml version="1.0" encoding="UTF-8"?>
<!-- Generated by org.testng.reporters.JUnitXMLReporter -->
<testsuite ignored="1" hostname="WBOX62" failures="0" tests="3" name="TestWithGroup4Excluded" time="35.654" errors="0" timestamp="31 Jan 2024 07:26:40 GMT">
  <testcase classname="SSIAgroworlds.DocumentIRMPage" name="DocIRMlogin" time="4.821"/>
  <testcase classname="SSIAgroworlds.DocumentIRMPage" name="createContract" time="9.826"/>
  <testcase classname="SSIAgroworlds.DocumentIRMPage" name="generateContract" time="16.462"/>
  <testcase classname="SSIAgroworlds.DocumentIRMPage" name="approvalAccept" time="0.0">
    <ignored/>
  </testcase> <!-- approvalAccept -->
</testsuite> <!-- TestWithGroup4Excluded -->
