<?xml version="1.0" encoding="UTF-8"?>
<!-- Generated by org.testng.reporters.JUnitXMLReporter -->
<testsuite ignored="0" hostname="WBOX62" failures="0" tests="6" name="Test" time="0.069" errors="0" timestamp="01 Feb 2024 05:52:42 GMT">
  <testcase classname="Base.DocIRMBaseClass" name="@BeforeClass setUp" time="0.0">
    <failure type="org.testng.TestNGException" message="
Can inject only one of &amp;lt;ITestContext, XmlTest&amp;gt; into a @BeforeClass annotated setUp.
For more information on native dependency injection please refer to http://testng.org/doc/documentation-main.html#native-dependency-injection">
      <![CDATA[org.testng.TestNGException: 
Can inject only one of <ITestContext, XmlTest> into a @BeforeClass annotated setUp.
For more information on native dependency injection please refer to http://testng.org/doc/documentation-main.html#native-dependency-injection
... Removed 27 stack frames]]>
    </failure>
  </testcase> <!-- @BeforeClass setUp -->
  <testcase classname="Base.DocIRMBaseClass" name="@AfterClass tearDown" time="0.0">
    <skipped/>
  </testcase> <!-- @AfterClass tearDown -->
  <testcase classname="Base.BDMBaseClass" name="@BeforeClass setUp" time="0.0">
    <failure type="org.testng.TestNGException" message="
Can inject only one of &amp;lt;ITestContext, XmlTest&amp;gt; into a @BeforeClass annotated setUp.
For more information on native dependency injection please refer to http://testng.org/doc/documentation-main.html#native-dependency-injection">
      <![CDATA[org.testng.TestNGException: 
Can inject only one of <ITestContext, XmlTest> into a @BeforeClass annotated setUp.
For more information on native dependency injection please refer to http://testng.org/doc/documentation-main.html#native-dependency-injection
... Removed 27 stack frames]]>
    </failure>
  </testcase> <!-- @BeforeClass setUp -->
  <testcase classname="Base.ProcIRMBaseClass" name="@BeforeClass setUp" time="0.0">
    <failure type="org.testng.TestNGException" message="
Can inject only one of &amp;lt;ITestContext, XmlTest&amp;gt; into a @BeforeClass annotated setUp.
For more information on native dependency injection please refer to http://testng.org/doc/documentation-main.html#native-dependency-injection">
      <![CDATA[org.testng.TestNGException: 
Can inject only one of <ITestContext, XmlTest> into a @BeforeClass annotated setUp.
For more information on native dependency injection please refer to http://testng.org/doc/documentation-main.html#native-dependency-injection
... Removed 27 stack frames]]>
    </failure>
  </testcase> <!-- @BeforeClass setUp -->
  <testcase classname="SSIAgroworlds.DocumentIRMPage" name="DocIRMlogin" time="0.0">
    <skipped/>
  </testcase> <!-- DocIRMlogin -->
  <testcase classname="SSIAgroworlds.DocumentIRMPage" name="approvalAccept" time="0.0">
    <skipped/>
  </testcase> <!-- approvalAccept -->
  <testcase classname="SSIAgroworlds.DocumentIRMPage" name="createContract" time="0.0">
    <skipped/>
  </testcase> <!-- createContract -->
  <testcase classname="SSIAgroworlds.DocumentIRMPage" name="generateContract" time="0.0">
    <skipped/>
  </testcase> <!-- generateContract -->
  <testcase classname="SSIAgroworlds.BDMPage" name="bdmlogin" time="0.0">
    <skipped/>
  </testcase> <!-- bdmlogin -->
  <testcase classname="SSIAgroworlds.ProcurementIRMPage" name="procIRMlogin" time="0.0">
    <skipped/>
  </testcase> <!-- procIRMlogin -->
</testsuite> <!-- Test -->
