<?xml version="1.0" encoding="UTF-8"?>
<!-- Generated by org.testng.reporters.JUnitXMLReporter -->
<testsuite ignored="0" hostname="WBOX62" failures="0" tests="4" name="Test" time="60.72" errors="0" timestamp="31 Jan 2024 07:25:29 GMT">
  <testcase classname="SSIAgroworlds.BDMPage" name="bdmlogin" time="5.418"/>
  <testcase classname="SSIAgroworlds.BDMPage" name="bdmApprove" time="11.207"/>
  <testcase classname="SSIAgroworlds.BDMPage" name="sellerApprove" time="20.03"/>
  <testcase classname="SSIAgroworlds.BDMPage" name="buyerApprove" time="18.712"/>
</testsuite> <!-- Test -->
